<?xml version="1.0" encoding="UTF-8"?>
<testsuite xmlns:xsi="http://www.w3.org/2001/XMLSchema-instance" xsi:noNamespaceSchemaLocation="https://maven.apache.org/surefire/maven-surefire-plugin/xsd/surefire-test-report.xsd" version="3.0.2" name="com.foodordering.paymentservice.controller.PaymentControllerIntegrationTest" time="2.206" tests="12" errors="0" skipped="0" failures="0">
  <properties>
[...]
</properties>
  <testcase name="createPaymentReturnsCreatedPayment" classname="com.foodordering.paymentservice.controller.PaymentControllerIntegrationTest" time="0.21">
    <system-out><![CDATA[13:09:12.389 [main] INFO org.springframework.test.context.support.AnnotationConfigContextLoaderUtils -- Could not detect default configuration classes for test class [com.foodordering.paymentservice.controller.PaymentControllerIntegrationTest]: PaymentControllerIntegrationTest does not declare any static, non-private, non-final, nested classes annotated with @Configuration.
13:09:12.542 [main] INFO org.springframework.boot.test.context.SpringBootTestContextBootstrapper -- Found @SpringBootConfiguration com.foodordering.paymentservice.PaymentServiceApplication for test class com.foodordering.paymentservice.controller.PaymentControllerIntegrationTest
13:09:12.595 [main] INFO org.springframework.boot.devtools.restart.RestartApplicationListener -- Restart disabled due to context in which it is running

  .   ____          _            __ _ _
 /\\ / ___'_ __ _ _(_)_ __  __ _ \ \ \ \
( ( )\___ | '_ | '_| | '_ \/ _` | \ \ \ \
 \\/  ___)| |_)| | | | | || (_| |  ) ) ) )
  '  |____| .__|_| |_|_| |_\__, | / / / /
 =========|_|==============|___/=/_/_/_/

 :: Spring Boot ::                (v3.5.7)

2026-03-28T13:09:12.802+05:30  INFO 44424 --- [payment-service] [           main] c.f.p.c.PaymentControllerIntegrationTest : Starting PaymentControllerIntegrationTest using Java 25.0.2 with PID 44424 (started by sagee in /Users/sagee/Desktop/Y4S2/MITIT/Assignment2/food-ordering-system/payment-service)
2026-03-28T13:09:12.805+05:30  INFO 44424 --- [payment-service] [           main] c.f.p.c.PaymentControllerIntegrationTest : No active profile set, falling back to 1 default profile: "default"
2026-03-28T13:09:12.806+05:30 DEBUG 44424 --- [payment-service] [           main] o.s.boot.SpringApplication               : Loading source class com.foodordering.paymentservice.PaymentServiceApplication
2026-03-28T13:09:12.821+05:30 DEBUG 44424 --- [payment-service] [           main] o.s.w.c.s.GenericWebApplicationContext   : Refreshing org.springframework.web.context.support.GenericWebApplicationContext@29006752
2026-03-28T13:09:13.943+05:30 DEBUG 44424 --- [payment-service] [           main] s.w.s.m.m.a.RequestMappingHandlerMapping : 7 mappings in 'requestMappingHandlerMapping'
2026-03-28T13:09:13.966+05:30 DEBUG 44424 --- [payment-service] [           main] o.s.b.a.AutoConfigurationPackages        : @EnableAutoConfiguration was declared on a class in the package 'com.foodordering.paymentservice'. Automatic @Repository and @Entity scanning is enabled.
2026-03-28T13:09:14.025+05:30 DEBUG 44424 --- [payment-service] [           main] o.s.w.s.handler.SimpleUrlHandlerMapping  : Patterns [/webjars/**, /**] in 'resourceHandlerMapping'
2026-03-28T13:09:14.042+05:30 DEBUG 44424 --- [payment-service] [           main] s.w.s.m.m.a.RequestMappingHandlerAdapter : ControllerAdvice beans: 0 @ModelAttribute, 0 @InitBinder, 1 RequestBodyAdvice, 1 ResponseBodyAdvice
2026-03-28T13:09:14.071+05:30 DEBUG 44424 --- [payment-service] [           main] .m.m.a.ExceptionHandlerExceptionResolver : ControllerAdvice beans: 1 @ExceptionHandler, 1 ResponseBodyAdvice
2026-03-28T13:09:14.086+05:30 DEBUG 44424 --- [payment-service] [           main] o.s.b.w.s.ServletContextInitializerBeans : Mapping filters: characterEncodingFilter urls=[/*] order=-2147483648, formContentFilter urls=[/*] order=-9900, requestContextFilter urls=[/*] order=-105
2026-03-28T13:09:14.086+05:30 DEBUG 44424 --- [payment-service] [           main] o.s.b.w.s.ServletContextInitializerBeans : Mapping servlets: 
2026-03-28T13:09:14.093+05:30 DEBUG 44424 --- [payment-service] [           main] s.b.w.s.f.OrderedCharacterEncodingFilter : Filter 'characterEncodingFilter' configured for use
2026-03-28T13:09:14.093+05:30 DEBUG 44424 --- [payment-service] [           main] o.s.b.w.s.f.OrderedFormContentFilter     : Filter 'formContentFilter' configured for use
2026-03-28T13:09:14.094+05:30 DEBUG 44424 --- [payment-service] [           main] o.s.b.w.s.f.OrderedRequestContextFilter  : Filter 'requestContextFilter' configured for use
2026-03-28T13:09:14.097+05:30  INFO 44424 --- [payment-service] [           main] o.s.b.t.m.w.SpringBootMockServletContext : Initializing Spring TestDispatcherServlet ''
2026-03-28T13:09:14.097+05:30  INFO 44424 --- [payment-service] [           main] o.s.t.web.servlet.TestDispatcherServlet  : Initializing Servlet ''
2026-03-28T13:09:14.098+05:30  INFO 44424 --- [payment-service] [           main] o.s.t.web.servlet.TestDispatcherServlet  : Completed initialization in 1 ms
2026-03-28T13:09:14.118+05:30 DEBUG 44424 --- [payment-service] [           main] .s.b.a.l.ConditionEvaluationReportLogger : 


============================
CONDITIONS EVALUATION REPORT
============================


Positive matches:
-----------------

   ErrorMvcAutoConfiguration matched:
      - @ConditionalOnClass found required classes 'jakarta.servlet.Servlet', 'org.springframework.web.servlet.DispatcherServlet' (OnClassCondition)
      - found 'session' scope (OnWebApplicationCondition)

   ErrorMvcAutoConfiguration#basicErrorController matched:
      - @ConditionalOnMissingBean (types: org.springframework.boot.web.servlet.error.ErrorController; SearchStrategy: current) did not find any beans (OnBeanCondition)

   ErrorMvcAutoConfiguration#errorAttributes matched:
      - @ConditionalOnMissingBean (types: org.springframework.boot.web.servlet.error.ErrorAttributes; SearchStrategy: current) did not find any beans (OnBeanCondition)

   ErrorMvcAutoConfiguration.WhitelabelErrorViewConfiguration matched:
      - @ConditionalOnBooleanProperty (server.error.whitelabel.enabled=true) matched (OnPropertyCondition)
      - ErrorTemplate Missing did not find error template view (ErrorMvcAutoConfiguration.ErrorTemplateMissingCondition)

   ErrorMvcAutoConfiguration.WhitelabelErrorViewConfiguration#beanNameViewResolver matched:
      - @ConditionalOnMissingBean (types: org.springframework.web.servlet.view.BeanNameViewResolver; SearchStrategy: all) did not find any beans (OnBeanCondition)

   ErrorMvcAutoConfiguration.WhitelabelErrorViewConfiguration#defaultErrorView matched:
      - @ConditionalOnMissingBean (names: error; SearchStrategy: all) did not find any beans (OnBeanCondition)

   HttpEncodingAutoConfiguration matched:
      - @ConditionalOnClass found required class 'org.springframework.web.filter.CharacterEncodingFilter' (OnClassCondition)
      - found 'session' scope (OnWebApplicationCondition)
      - @ConditionalOnBooleanProperty (server.servlet.encoding.enabled=true) matched (OnPropertyCondition)

   HttpEncodingAutoConfiguration#characterEncodingFilter matched:
      - @ConditionalOnMissingBean (types: org.springframework.web.filter.CharacterEncodingFilter; SearchStrategy: all) did not find any beans (OnBeanCondition)

   HttpMessageConvertersAutoConfiguration matched:
      - @ConditionalOnClass found required class 'org.springframework.http.converter.HttpMessageConverter' (OnClassCondition)
      - NoneNestedConditions 0 matched 1 did not; NestedCondition on HttpMessageConvertersAutoConfiguration.NotReactiveWebApplicationCondition.ReactiveWebApplication did not find reactive web application classes (HttpMessageConvertersAutoConfiguration.NotReactiveWebApplicationCondition)

   HttpMessageConvertersAutoConfiguration#messageConverters matched:
      - @ConditionalOnMissingBean (types: org.springframework.boot.autoconfigure.http.HttpMessageConverters; SearchStrategy: all) did not find any beans (OnBeanCondition)

   HttpMessageConvertersAutoConfiguration.StringHttpMessageConverterConfiguration matched:
      - @ConditionalOnClass found required class 'org.springframework.http.converter.StringHttpMessageConverter' (OnClassCondition)

   HttpMessageConvertersAutoConfiguration.StringHttpMessageConverterConfiguration#stringHttpMessageConverter matched:
      - @ConditionalOnMissingBean (types: org.springframework.http.converter.StringHttpMessageConverter; SearchStrategy: all) did not find any beans (OnBeanCondition)

   JacksonAutoConfiguration matched:
      - @ConditionalOnClass found required class 'com.fasterxml.jackson.databind.ObjectMapper' (OnClassCondition)

   JacksonAutoConfiguration.Jackson2ObjectMapperBuilderCustomizerConfiguration matched:
      - @ConditionalOnClass found required class 'org.springframework.http.converter.json.Jackson2ObjectMapperBuilder' (OnClassCondition)

   JacksonAutoConfiguration.JacksonObjectMapperBuilderConfiguration matched:
      - @ConditionalOnClass found required class 'org.springframework.http.converter.json.Jackson2ObjectMapperBuilder' (OnClassCondition)

   JacksonAutoConfiguration.JacksonObjectMapperBuilderConfiguration#jacksonObjectMapperBuilder matched:
      - @ConditionalOnMissingBean (types: org.springframework.http.converter.json.Jackson2ObjectMapperBuilder; SearchStrategy: all) did not find any beans (OnBeanCondition)

   JacksonAutoConfiguration.JacksonObjectMapperConfiguration matched:
      - @ConditionalOnClass found required class 'org.springframework.http.converter.json.Jackson2ObjectMapperBuilder' (OnClassCondition)

   JacksonAutoConfiguration.JacksonObjectMapperConfiguration#jacksonObjectMapper matched:
      - @ConditionalOnMissingBean (types: com.fasterxml.jackson.databind.ObjectMapper; SearchStrategy: all) did not find any beans (OnBeanCondition)

   JacksonAutoConfiguration.ParameterNamesModuleConfiguration matched:
      - @ConditionalOnClass found required class 'com.fasterxml.jackson.module.paramnames.ParameterNamesModule' (OnClassCondition)

   JacksonAutoConfiguration.ParameterNamesModuleConfiguration#parameterNamesModule matched:
      - @ConditionalOnMissingBean (types: com.fasterxml.jackson.module.paramnames.ParameterNamesModule; SearchStrategy: all) did not find any beans (OnBeanCondition)

   JacksonHttpMessageConvertersConfiguration.MappingJackson2HttpMessageConverterConfiguration matched:
      - @ConditionalOnClass found required class 'com.fasterxml.jackson.databind.ObjectMapper' (OnClassCondition)
      - @ConditionalOnPreferredJsonMapper JACKSON no property was configured and Jackson is the default (OnPreferredJsonMapperCondition)
      - @ConditionalOnBean (types: com.fasterxml.jackson.databind.ObjectMapper; SearchStrategy: all) found bean 'jacksonObjectMapper' (OnBeanCondition)

   JacksonHttpMessageConvertersConfiguration.MappingJackson2HttpMessageConverterConfiguration#mappingJackson2HttpMessageConverter matched:
      - @ConditionalOnMissingBean (types: org.springframework.http.converter.json.MappingJackson2HttpMessageConverter ignored: ?; SearchStrategy: all) did not find any beans (OnBeanCondition)

   MockMvcAutoConfiguration matched:
      - found 'session' scope (OnWebApplicationCondition)

   MockMvcAutoConfiguration#dispatcherServlet matched:
      - @ConditionalOnMissingBean (types: org.springframework.web.servlet.DispatcherServlet; SearchStrategy: all) did not find any beans (OnBeanCondition)

   MockMvcAutoConfiguration#dispatcherServletPath matched:
      - @ConditionalOnMissingBean (types: org.springframework.boot.autoconfigure.web.servlet.DispatcherServletPath; SearchStrategy: all) did not find any beans (OnBeanCondition)

   MockMvcConfiguration#mockMvc matched:
      - @ConditionalOnMissingBean (types: org.springframework.test.web.servlet.MockMvc; SearchStrategy: all) did not find any beans (OnBeanCondition)

   MockMvcConfiguration#mockMvcBuilder matched:
      - @ConditionalOnMissingBean (types: org.springframework.test.web.servlet.MockMvcBuilder; SearchStrategy: all) did not find any beans (OnBeanCondition)

   MockMvcTesterConfiguration matched:
      - @ConditionalOnClass found required class 'org.assertj.core.api.Assert' (OnClassCondition)

   MockMvcTesterConfiguration#mockMvcTester matched:
      - @ConditionalOnMissingBean (types: org.springframework.test.web.servlet.assertj.MockMvcTester; SearchStrategy: all) did not find any beans (OnBeanCondition)

   NoOpCacheConfiguration matched:
      - Cache org.springframework.boot.autoconfigure.cache.NoOpCacheConfiguration NONE cache type (CacheCondition)

   SpringDataWebAutoConfiguration matched:
      - @ConditionalOnClass found required classes 'org.springframework.data.web.PageableHandlerMethodArgumentResolver', 'org.springframework.web.servlet.config.annotation.WebMvcConfigurer' (OnClassCondition)
      - found 'session' scope (OnWebApplicationCondition)
      - @ConditionalOnMissingBean (types: org.springframework.data.web.PageableHandlerMethodArgumentResolver; SearchStrategy: all) did not find any beans (OnBeanCondition)

   SpringDataWebAutoConfiguration#pageableCustomizer matched:
      - @ConditionalOnMissingBean (types: org.springframework.data.web.config.PageableHandlerMethodArgumentResolverCustomizer; SearchStrategy: all) did not find any beans (OnBeanCondition)

   SpringDataWebAutoConfiguration#sortCustomizer matched:
      - @ConditionalOnMissingBean (types: org.springframework.data.web.config.SortHandlerMethodArgumentResolverCustomizer; SearchStrategy: all) did not find any beans (OnBeanCondition)

   SpringDataWebAutoConfiguration#springDataWebSettings matched:
      - @ConditionalOnMissingBean (types: org.springframework.data.web.config.SpringDataWebSettings; SearchStrategy: all) did not find any beans (OnBeanCondition)

   TaskExecutionAutoConfiguration matched:
      - @ConditionalOnClass found required class 'org.springframework.scheduling.concurrent.ThreadPoolTaskExecutor' (OnClassCondition)

   TaskExecutorConfigurations.AsyncConfigurerConfiguration matched:
      - @ConditionalOnMissingBean (types: org.springframework.scheduling.annotation.AsyncConfigurer; SearchStrategy: all) did not find any beans (OnBeanCondition)

   TaskExecutorConfigurations.AsyncConfigurerConfiguration#applicationTaskExecutorAsyncConfigurer matched:
      - @ConditionalOnMissingBean (types: org.springframework.scheduling.annotation.AsyncConfigurer; SearchStrategy: all) did not find any beans (OnBeanCondition)

   TaskExecutorConfigurations.SimpleAsyncTaskExecutorBuilderConfiguration#simpleAsyncTaskExecutorBuilder matched:
      - @ConditionalOnMissingBean (types: org.springframework.boot.task.SimpleAsyncTaskExecutorBuilder; SearchStrategy: all) did not find any beans (OnBeanCondition)
      - @ConditionalOnThreading found PLATFORM (OnThreadingCondition)

   TaskExecutorConfigurations.TaskExecutorConfiguration matched:
      - AnyNestedCondition 1 matched 1 did not; NestedCondition on TaskExecutorConfigurations.OnExecutorCondition.ModelCondition @ConditionalOnProperty (spring.task.execution.mode=force) did not find property 'spring.task.execution.mode'; NestedCondition on TaskExecutorConfigurations.OnExecutorCondition.ExecutorBeanCondition @ConditionalOnMissingBean (types: java.util.concurrent.Executor; SearchStrategy: all) did not find any beans (TaskExecutorConfigurations.OnExecutorCondition)

   TaskExecutorConfigurations.TaskExecutorConfiguration#applicationTaskExecutor matched:
      - @ConditionalOnThreading found PLATFORM (OnThreadingCondition)

   TaskExecutorConfigurations.ThreadPoolTaskExecutorBuilderConfiguration#threadPoolTaskExecutorBuilder matched:
      - @ConditionalOnMissingBean (types: org.springframework.boot.task.ThreadPoolTaskExecutorBuilder; SearchStrategy: all) did not find any beans (OnBeanCondition)

   ValidationAutoConfiguration matched:
      - @ConditionalOnClass found required class 'jakarta.validation.executable.ExecutableValidator' (OnClassCondition)
      - @ConditionalOnResource found location classpath:META-INF/services/jakarta.validation.spi.ValidationProvider (OnResourceCondition)

   ValidationAutoConfiguration#defaultValidator matched:
      - @ConditionalOnMissingBean (types: jakarta.validation.Validator; SearchStrategy: all) did not find any beans (OnBeanCondition)

   ValidationAutoConfiguration#methodValidationPostProcessor matched:
      - @ConditionalOnMissingBean (types: org.springframework.validation.beanvalidation.MethodValidationPostProcessor; SearchStrategy: current) did not find any beans (OnBeanCondition)

   WebMvcAutoConfiguration matched:
      - @ConditionalOnClass found required classes 'jakarta.servlet.Servlet', 'org.springframework.web.servlet.DispatcherServlet', 'org.springframework.web.servlet.config.annotation.WebMvcConfigurer' (OnClassCondition)
      - found 'session' scope (OnWebApplicationCondition)
      - @ConditionalOnMissingBean (types: org.springframework.web.servlet.config.annotation.WebMvcConfigurationSupport; SearchStrategy: all) did not find any beans (OnBeanCondition)

   WebMvcAutoConfiguration#formContentFilter matched:
      - @ConditionalOnBooleanProperty (spring.mvc.formcontent.filter.enabled=true) matched (OnPropertyCondition)
      - @ConditionalOnMissingBean (types: org.springframework.web.filter.FormContentFilter; SearchStrategy: all) did not find any beans (OnBeanCondition)

   WebMvcAutoConfiguration.EnableWebMvcConfiguration#flashMapManager matched:
      - @ConditionalOnMissingBean (names: flashMapManager; SearchStrategy: all) did not find any beans (OnBeanCondition)

   WebMvcAutoConfiguration.EnableWebMvcConfiguration#localeResolver matched:
      - @ConditionalOnMissingBean (names: localeResolver; SearchStrategy: all) did not find any beans (OnBeanCondition)

   WebMvcAutoConfiguration.EnableWebMvcConfiguration#themeResolver matched:
      - @ConditionalOnMissingBean (names: themeResolver; SearchStrategy: all) did not find any beans (OnBeanCondition)

   WebMvcAutoConfiguration.EnableWebMvcConfiguration#viewNameTranslator matched:
      - @ConditionalOnMissingBean (names: viewNameTranslator; SearchStrategy: all) did not find any beans (OnBeanCondition)

   WebMvcAutoConfiguration.ResourceChainCustomizerConfiguration matched:
      - @ConditionalOnEnabledResourceChain found class org.webjars.WebJarVersionLocator (OnEnabledResourceChainCondition)

   WebMvcAutoConfiguration.WebMvcAutoConfigurationAdapter#defaultViewResolver matched:
      - @ConditionalOnMissingBean (types: org.springframework.web.servlet.view.InternalResourceViewResolver; SearchStrategy: all) did not find any beans (OnBeanCondition)

   WebMvcAutoConfiguration.WebMvcAutoConfigurationAdapter#requestContextFilter matched:
      - @ConditionalOnMissingBean (types: org.springframework.web.context.request.RequestContextListener,org.springframework.web.filter.RequestContextFilter; SearchStrategy: all) did not find any beans (OnBeanCondition)

   WebMvcAutoConfiguration.WebMvcAutoConfigurationAdapter#viewResolver matched:
      - @ConditionalOnBean (types: org.springframework.web.servlet.ViewResolver; SearchStrategy: all) found beans 'defaultViewResolver', 'beanNameViewResolver', 'mvcViewResolver'; @ConditionalOnMissingBean (names: viewResolver types: org.springframework.web.servlet.view.ContentNegotiatingViewResolver; SearchStrategy: all) did not find any beans (OnBeanCondition)


Negative matches:
-----------------

   Cache2kCacheConfiguration:
      Did not match:
         - @ConditionalOnClass did not find required class 'org.cache2k.Cache2kBuilder' (OnClassCondition)

   CacheAutoConfiguration:
      Did not match:
         - @ConditionalOnBean (types: org.springframework.cache.interceptor.CacheAspectSupport; SearchStrategy: all) did not find any beans of type org.springframework.cache.interceptor.CacheAspectSupport (OnBeanCondition)
      Matched:
         - @ConditionalOnClass found required class 'org.springframework.cache.CacheManager' (OnClassCondition)

   CacheAutoConfiguration.CacheManagerEntityManagerFactoryDependsOnPostProcessor:
      Did not match:
         - Ancestor org.springframework.boot.autoconfigure.cache.CacheAutoConfiguration did not match (ConditionEvaluationReport.AncestorsMatchedCondition)
      Matched:
         - @ConditionalOnClass found required class 'org.springframework.orm.jpa.LocalContainerEntityManagerFactoryBean' (OnClassCondition)

   CaffeineCacheConfiguration:
      Did not match:
         - @ConditionalOnClass did not find required class 'com.github.benmanes.caffeine.cache.Caffeine' (OnClassCondition)

   CouchbaseCacheConfiguration:
      Did not match:
         - @ConditionalOnClass did not find required class 'com.couchbase.client.java.Cluster' (OnClassCondition)

   ErrorMvcAutoConfiguration.DefaultErrorViewResolverConfiguration#conventionErrorViewResolver:
      Did not match:
         - @ConditionalOnBean (types: org.springframework.web.servlet.DispatcherServlet; SearchStrategy: all) did not find any beans of type org.springframework.web.servlet.DispatcherServlet (OnBeanCondition)

   FreeMarkerAutoConfiguration:
      Did not match:
         - @ConditionalOnClass did not find required class 'freemarker.template.Configuration' (OnClassCondition)

   GenericCacheConfiguration:
      Did not match:
         - Cache org.springframework.boot.autoconfigure.cache.GenericCacheConfiguration unknown cache type (CacheCondition)

   GroovyTemplateAutoConfiguration:
      Did not match:
         - @ConditionalOnClass did not find required class 'groovy.text.markup.MarkupTemplateEngine' (OnClassCondition)

   GsonAutoConfiguration:
      Did not match:
         - @ConditionalOnClass did not find required class 'com.google.gson.Gson' (OnClassCondition)

   GsonHttpMessageConvertersConfiguration:
      Did not match:
         - @ConditionalOnClass did not find required class 'com.google.gson.Gson' (OnClassCondition)

   HazelcastCacheConfiguration:
      Did not match:
         - @ConditionalOnClass did not find required class 'com.hazelcast.core.HazelcastInstance' (OnClassCondition)

   HypermediaAutoConfiguration:
      Did not match:
         - @ConditionalOnClass did not find required class 'org.springframework.hateoas.EntityModel' (OnClassCondition)

   InfinispanCacheConfiguration:
      Did not match:
         - @ConditionalOnClass did not find required class 'org.infinispan.spring.embedded.provider.SpringEmbeddedCacheManager' (OnClassCondition)

   JCacheCacheConfiguration:
      Did not match:
         - @ConditionalOnClass did not find required class 'javax.cache.Caching' (OnClassCondition)

   JacksonHttpMessageConvertersConfiguration.MappingJackson2XmlHttpMessageConverterConfiguration:
      Did not match:
         - @ConditionalOnClass did not find required class 'com.fasterxml.jackson.dataformat.xml.XmlMapper' (OnClassCondition)

   JsonbAutoConfiguration:
      Did not match:
         - @ConditionalOnClass did not find required class 'jakarta.json.bind.Jsonb' (OnClassCondition)

   JsonbHttpMessageConvertersConfiguration:
      Did not match:
         - @ConditionalOnClass did not find required class 'jakarta.json.bind.Jsonb' (OnClassCondition)

   MessageSourceAutoConfiguration:
      Did not match:
         - ResourceBundle did not find bundle with basename messages (MessageSourceAutoConfiguration.ResourceBundleCondition)

   MockMvcAutoConfiguration.WebTestClientMockMvcConfiguration:
      Did not match:
         - @ConditionalOnClass did not find required class 'org.springframework.web.reactive.function.client.WebClient' (OnClassCondition)

   MockMvcSecurityConfiguration:
      Did not match:
         - @ConditionalOnClass did not find required class 'org.springframework.security.test.web.servlet.request.SecurityMockMvcRequestPostProcessors' (OnClassCondition)

   MockMvcWebClientAutoConfiguration:
      Did not match:
         - @ConditionalOnClass did not find required class 'org.htmlunit.WebClient' (OnClassCondition)

   MockMvcWebDriverAutoConfiguration:
      Did not match:
         - @ConditionalOnClass did not find required class 'org.openqa.selenium.htmlunit.HtmlUnitDriver' (OnClassCondition)

   MustacheAutoConfiguration:
      Did not match:
         - @ConditionalOnClass did not find required class 'com.samskivert.mustache.Mustache' (OnClassCondition)

   OAuth2ClientAutoConfiguration:
      Did not match:
         - @ConditionalOnClass did not find required class 'org.springframework.security.oauth2.client.registration.ClientRegistration' (OnClassCondition)

   OAuth2ClientWebSecurityAutoConfiguration:
      Did not match:
         - @ConditionalOnClass did not find required class 'org.springframework.security.config.annotation.web.configuration.EnableWebSecurity' (OnClassCondition)

   OAuth2ResourceServerAutoConfiguration:
      Did not match:
         - @ConditionalOnClass did not find required class 'org.springframework.security.oauth2.server.resource.authentication.BearerTokenAuthenticationToken' (OnClassCondition)

   RedisCacheConfiguration:
      Did not match:
         - @ConditionalOnClass did not find required class 'org.springframework.data.redis.connection.RedisConnectionFactory' (OnClassCondition)

   Saml2RelyingPartyAutoConfiguration:
      Did not match:
         - @ConditionalOnClass did not find required class 'org.springframework.security.saml2.provider.service.registration.RelyingPartyRegistrationRepository' (OnClassCondition)

   SecurityAutoConfiguration:
      Did not match:
         - @ConditionalOnClass did not find required class 'org.springframework.security.authentication.DefaultAuthenticationEventPublisher' (OnClassCondition)

   SecurityFilterAutoConfiguration:
      Did not match:
         - @ConditionalOnClass did not find required class 'org.springframework.security.config.http.SessionCreationPolicy' (OnClassCondition)

   SimpleCacheConfiguration:
      Did not match:
         - Cache org.springframework.boot.autoconfigure.cache.SimpleCacheConfiguration unknown cache type (CacheCondition)

   TaskExecutorConfigurations.SimpleAsyncTaskExecutorBuilderConfiguration#simpleAsyncTaskExecutorBuilderVirtualThreads:
      Did not match:
         - @ConditionalOnMissingBean (types: org.springframework.boot.task.SimpleAsyncTaskExecutorBuilder; SearchStrategy: all) found beans of type 'org.springframework.boot.task.SimpleAsyncTaskExecutorBuilder' simpleAsyncTaskExecutorBuilder (OnBeanCondition)

   TaskExecutorConfigurations.TaskExecutorConfiguration#applicationTaskExecutorVirtualThreads:
      Did not match:
         - @ConditionalOnThreading did not find VIRTUAL (OnThreadingCondition)

   ThymeleafAutoConfiguration:
      Did not match:
         - @ConditionalOnClass did not find required class 'org.thymeleaf.spring6.SpringTemplateEngine' (OnClassCondition)

   UserDetailsServiceAutoConfiguration:
      Did not match:
         - @ConditionalOnClass did not find required class 'org.springframework.security.authentication.AuthenticationManager' (OnClassCondition)

   WebMvcAutoConfiguration#hiddenHttpMethodFilter:
      Did not match:
         - @ConditionalOnBooleanProperty (spring.mvc.hiddenmethod.filter.enabled=true) did not find property 'spring.mvc.hiddenmethod.filter.enabled' (OnPropertyCondition)

   WebMvcAutoConfiguration.ProblemDetailsErrorHandlingConfiguration:
      Did not match:
         - @ConditionalOnBooleanProperty (spring.mvc.problemdetails.enabled=true) did not find property 'spring.mvc.problemdetails.enabled' (OnPropertyCondition)

   WebMvcAutoConfiguration.WebMvcAutoConfigurationAdapter#beanNameViewResolver:
      Did not match:
         - @ConditionalOnMissingBean (types: org.springframework.web.servlet.view.BeanNameViewResolver; SearchStrategy: all) found beans of type 'org.springframework.web.servlet.view.BeanNameViewResolver' beanNameViewResolver (OnBeanCondition)

   WebTestClientAutoConfiguration:
      Did not match:
         - @ConditionalOnClass did not find required class 'org.springframework.web.reactive.function.client.WebClient' (OnClassCondition)


Exclusions:
-----------

    None


Unconditional classes:
----------------------

    None



2026-03-28T13:09:14.122+05:30  INFO 44424 --- [payment-service] [           main] c.f.p.c.PaymentControllerIntegrationTest : Started PaymentControllerIntegrationTest in 1.533 seconds (process running for 2.314)
2026-03-28T13:09:14.124+05:30 DEBUG 44424 --- [payment-service] [           main] o.s.boot.devtools.restart.Restarter      : Creating new Restarter for thread Thread[#3,main,5,main]
2026-03-28T13:09:14.232+05:30 DEBUG 44424 --- [payment-service] [           main] s.w.s.m.m.a.RequestMappingHandlerMapping : Mapped to com.foodordering.paymentservice.controller.PaymentController#createPayment(PaymentRequest)
2026-03-28T13:09:14.269+05:30 DEBUG 44424 --- [payment-service] [           main] m.m.a.RequestResponseBodyMethodProcessor : Read "application/json;charset=UTF-8" to [com.foodordering.paymentservice.dto.PaymentRequest@7afb9c93]
2026-03-28T13:09:14.312+05:30 DEBUG 44424 --- [payment-service] [           main] o.s.w.s.m.m.a.HttpEntityMethodProcessor  : Using 'application/json', given [*/*] and supported [application/json, application/*+json, application/yaml]
2026-03-28T13:09:14.315+05:30 DEBUG 44424 --- [payment-service] [           main] o.s.w.s.m.m.a.HttpEntityMethodProcessor  : Writing [PaymentResponse[id=5, orderId=2, amount=2200.0, paymentMethod=CASH, paymentStatus=ON_DELIVERY]]
]]></system-out>
    <system-err><![CDATA[Mockito is currently self-attaching to enable the inline-mock-maker. This will no longer work in future releases of the JDK. Please add Mockito as an agent to your build as described in Mockito's documentation: https://javadoc.io/doc/org.mockito/mockito-core/latest/org.mockito/org/mockito/Mockito.html#0.3
WARNING: A Java agent has been loaded dynamically (/Users/sagee/.m2/repository/net/bytebuddy/byte-buddy-agent/1.17.8/byte-buddy-agent-1.17.8.jar)
WARNING: If a serviceability tool is in use, please run with -XX:+EnableDynamicAgentLoading to hide this warning
WARNING: If a serviceability tool is not in use, please run with -Djdk.instrument.traceUsage for more information
WARNING: Dynamic loading of agents will be disallowed by default in a future release
]]></system-err>
  </testcase>
  <testcase name="getPaymentByIdReturnsPayment" classname="com.foodordering.paymentservice.controller.PaymentControllerIntegrationTest" time="0.008">
    <system-out><![CDATA[2026-03-28T13:09:14.351+05:30 DEBUG 44424 --- [payment-service] [           main] s.w.s.m.m.a.RequestMappingHandlerMapping : Mapped to com.foodordering.paymentservice.controller.PaymentController#getPaymentById(Long)
2026-03-28T13:09:14.353+05:30 DEBUG 44424 --- [payment-service] [           main] o.s.w.s.m.m.a.HttpEntityMethodProcessor  : Using 'application/json', given [*/*] and supported [application/json, application/*+json, application/yaml]
2026-03-28T13:09:14.353+05:30 DEBUG 44424 --- [payment-service] [           main] o.s.w.s.m.m.a.HttpEntityMethodProcessor  : Writing [PaymentResponse[id=1, orderId=1, amount=2500.0, paymentMethod=CARD, paymentStatus=PAID]]
]]></system-out>
  </testcase>
  <testcase name="createPaymentReturnsValidationErrorsForInvalidPayload" classname="com.foodordering.paymentservice.controller.PaymentControllerIntegrationTest" time="0.025">
    <system-out><![CDATA[2026-03-28T13:09:14.359+05:30 DEBUG 44424 --- [payment-service] [           main] s.w.s.m.m.a.RequestMappingHandlerMapping : Mapped to com.foodordering.paymentservice.controller.PaymentController#createPayment(PaymentRequest)
2026-03-28T13:09:14.360+05:30 DEBUG 44424 --- [payment-service] [           main] m.m.a.RequestResponseBodyMethodProcessor : Read "application/json;charset=UTF-8" to [com.foodordering.paymentservice.dto.PaymentRequest@46a388cc]
2026-03-28T13:09:14.365+05:30 DEBUG 44424 --- [payment-service] [           main] .m.m.a.ExceptionHandlerExceptionResolver : Using @ExceptionHandler com.foodordering.paymentservice.exception.GlobalExceptionHandler#handleValidationException(MethodArgumentNotValidException, HttpServletRequest)
2026-03-28T13:09:14.370+05:30 DEBUG 44424 --- [payment-service] [           main] o.s.w.s.m.m.a.HttpEntityMethodProcessor  : Using 'application/json', given [*/*] and supported [application/json, application/*+json, application/yaml]
2026-03-28T13:09:14.373+05:30 DEBUG 44424 --- [payment-service] [           main] o.s.w.s.m.m.a.HttpEntityMethodProcessor  : Writing [ApiErrorResponse[timestamp=2026-03-28T13:09:14.367253, status=400, error=Bad Request, message=Valida (truncated)...]
2026-03-28T13:09:14.377+05:30 DEBUG 44424 --- [payment-service] [           main] .m.m.a.ExceptionHandlerExceptionResolver : Resolved [org.springframework.web.bind.MethodArgumentNotValidException: Validation failed for argument [0] in public org.springframework.http.ResponseEntity<com.foodordering.paymentservice.dto.PaymentResponse> com.foodordering.paymentservice.controller.PaymentController.createPayment(com.foodordering.paymentservice.dto.PaymentRequest) with 6 errors: [Field error in object 'paymentRequest' on field 'paymentMethod': rejected value []; codes [Pattern.paymentRequest.paymentMethod,Pattern.paymentMethod,Pattern.java.lang.String,Pattern]; arguments [org.springframework.context.support.DefaultMessageSourceResolvable: codes [paymentRequest.paymentMethod,paymentMethod]; arguments []; default message [paymentMethod],[Ljakarta.validation.constraints.Pattern$Flag;@286a4c52,(?i)^(CASH|CARD)$]; default message [Payment method must be one of: CASH, CARD]] [Field error in object 'paymentRequest' on field 'orderId': rejected value [0]; codes [Min.paymentRequest.orderId,Min.orderId,Min.java.lang.Long,Min]; arguments [org.springframework.context.support.DefaultMessageSourceResolvable: codes [paymentRequest.orderId,orderId]; arguments []; default message [orderId],1]; default message [Order id must be greater than 0]] [Field error in object 'paymentRequest' on field 'amount': rejected value [-1.0]; codes [DecimalMin.paymentRequest.amount,DecimalMin.amount,DecimalMin.java.lang.Double,DecimalMin]; arguments [org.springframework.context.support.DefaultMessageSourceResolvable: codes [paymentRequest.amount,amount]; arguments []; default message [amount],false,0.0]; default message [Amount must be greater than 0]] [Field error in object 'paymentRequest' on field 'paymentStatus': rejected value []; codes [Pattern.paymentRequest.paymentStatus,Pattern.paymentStatus,Pattern.java.lang.String,Pattern]; arguments [org.springframework.context.support.DefaultMessageSourceResolvable: codes [paymentRequest.paymentStatus,paymentStatus]; arguments []; default message [paymentStatus],[Ljakarta.validation.constraints.Pattern$Flag;@286a4c52,(?i)^(PAID|ON[ _]DELIVERY)$]; default message [Payment status must be one of: PAID, ON_DELIVERY]] [Field error in object 'paymentRequest' on field 'paymentMethod': rejected value []; codes [NotBlank.paymentRequest.paymentMethod,NotBlank.paymentMethod,NotBlank.java.lang.String,NotBlank]; arguments [org.springframework.context.support.DefaultMessageSourceResolvable: codes [paymentRequest.paymentMethod,paymentMethod]; arguments []; default message [paymentMethod]]; default message [Payment method is required]] [Field error in object 'paymentRequest' on field 'paymentStatus': rejected value []; codes [NotBlank.paymentRequest.paymentStatus,NotBlank.paymentStatus,NotBlank.java.lang.String,NotBlank]; arguments [org.springframework.context.support.DefaultMessageSourceResolvable: codes [paymentRequest.paymentStatus,paymentStatus]; arguments []; default message [paymentStatus]]; default message [Payment status is required]] ]
]]></system-out>
  </testcase>
  <testcase name="getAllPaymentsReturnsPayments" classname="com.foodordering.paymentservice.controller.PaymentControllerIntegrationTest" time="0.015">
    <system-out><![CDATA[2026-03-28T13:09:14.385+05:30 DEBUG 44424 --- [payment-service] [           main] s.w.s.m.m.a.RequestMappingHandlerMapping : Mapped to com.foodordering.paymentservice.controller.PaymentController#getAllPayments()
2026-03-28T13:09:14.391+05:30 DEBUG 44424 --- [payment-service] [           main] o.s.w.s.m.m.a.HttpEntityMethodProcessor  : Using 'application/json', given [*/*] and supported [application/json, application/*+json, application/yaml]
2026-03-28T13:09:14.391+05:30 DEBUG 44424 --- [payment-service] [           main] o.s.w.s.m.m.a.HttpEntityMethodProcessor  : Writing [[PaymentResponse[id=1, orderId=1, amount=2500.0, paymentMethod=CARD, paymentStatus=PAID], PaymentRes (truncated)...]
]]></system-out>
  </testcase>
  <testcase name="updatePaymentStatusReturnsUpdatedPayment" classname="com.foodordering.paymentservice.controller.PaymentControllerIntegrationTest" time="0.008">
    <system-out><![CDATA[2026-03-28T13:09:14.402+05:30 DEBUG 44424 --- [payment-service] [           main] s.w.s.m.m.a.RequestMappingHandlerMapping : Mapped to com.foodordering.paymentservice.controller.PaymentController#updatePaymentStatus(Long, PaymentStatusUpdateRequest)
2026-03-28T13:09:14.403+05:30 DEBUG 44424 --- [payment-service] [           main] m.m.a.RequestResponseBodyMethodProcessor : Read "application/json;charset=UTF-8" to [com.foodordering.paymentservice.dto.PaymentStatusUpdateRequest@9f2376f]
2026-03-28T13:09:14.405+05:30 DEBUG 44424 --- [payment-service] [           main] o.s.w.s.m.m.a.HttpEntityMethodProcessor  : Using 'application/json', given [*/*] and supported [application/json, application/*+json, application/yaml]
2026-03-28T13:09:14.405+05:30 DEBUG 44424 --- [payment-service] [           main] o.s.w.s.m.m.a.HttpEntityMethodProcessor  : Writing [PaymentResponse[id=2, orderId=2, amount=2200.0, paymentMethod=CASH, paymentStatus=PAID]]
]]></system-out>
  </testcase>
  <testcase name="createPaymentReturnsBadRequestWhenAmountDoesNotMatchOrder" classname="com.foodordering.paymentservice.controller.PaymentControllerIntegrationTest" time="0.007">
    <system-out><![CDATA[2026-03-28T13:09:14.410+05:30 DEBUG 44424 --- [payment-service] [           main] s.w.s.m.m.a.RequestMappingHandlerMapping : Mapped to com.foodordering.paymentservice.controller.PaymentController#createPayment(PaymentRequest)
2026-03-28T13:09:14.411+05:30 DEBUG 44424 --- [payment-service] [           main] m.m.a.RequestResponseBodyMethodProcessor : Read "application/json;charset=UTF-8" to [com.foodordering.paymentservice.dto.PaymentRequest@37cf91d8]
2026-03-28T13:09:14.412+05:30 DEBUG 44424 --- [payment-service] [           main] .m.m.a.ExceptionHandlerExceptionResolver : Using @ExceptionHandler com.foodordering.paymentservice.exception.GlobalExceptionHandler#handleIllegalArgumentException(IllegalArgumentException, HttpServletRequest)
2026-03-28T13:09:14.413+05:30 DEBUG 44424 --- [payment-service] [           main] o.s.w.s.m.m.a.HttpEntityMethodProcessor  : Using 'application/json', given [*/*] and supported [application/json, application/*+json, application/yaml]
2026-03-28T13:09:14.413+05:30 DEBUG 44424 --- [payment-service] [           main] o.s.w.s.m.m.a.HttpEntityMethodProcessor  : Writing [ApiErrorResponse[timestamp=2026-03-28T13:09:14.413156, status=400, error=Bad Request, message=Paymen (truncated)...]
2026-03-28T13:09:14.413+05:30 DEBUG 44424 --- [payment-service] [           main] .m.m.a.ExceptionHandlerExceptionResolver : Resolved [java.lang.IllegalArgumentException: Payment amount must match order total amount 2200.0]
]]></system-out>
  </testcase>
  <testcase name="getPaymentByIdReturnsNotFoundForMissingPayment" classname="com.foodordering.paymentservice.controller.PaymentControllerIntegrationTest" time="0.006">
    <system-out><![CDATA[2026-03-28T13:09:14.419+05:30 DEBUG 44424 --- [payment-service] [           main] s.w.s.m.m.a.RequestMappingHandlerMapping : Mapped to com.foodordering.paymentservice.controller.PaymentController#getPaymentById(Long)
2026-03-28T13:09:14.420+05:30 DEBUG 44424 --- [payment-service] [           main] .m.m.a.ExceptionHandlerExceptionResolver : Using @ExceptionHandler com.foodordering.paymentservice.exception.GlobalExceptionHandler#handleResourceNotFound(ResourceNotFoundException, HttpServletRequest)
2026-03-28T13:09:14.421+05:30 DEBUG 44424 --- [payment-service] [           main] o.s.w.s.m.m.a.HttpEntityMethodProcessor  : Using 'application/json', given [*/*] and supported [application/json, application/*+json, application/yaml]
2026-03-28T13:09:14.421+05:30 DEBUG 44424 --- [payment-service] [           main] o.s.w.s.m.m.a.HttpEntityMethodProcessor  : Writing [ApiErrorResponse[timestamp=2026-03-28T13:09:14.421073, status=404, error=Not Found, message=Payment  (truncated)...]
2026-03-28T13:09:14.422+05:30 DEBUG 44424 --- [payment-service] [           main] .m.m.a.ExceptionHandlerExceptionResolver : Resolved [com.foodordering.paymentservice.exception.ResourceNotFoundException: Payment not found with id 999]
]]></system-out>
  </testcase>
  <testcase name="createPaymentReturnsBadRequestForCardOnDeliveryCombination" classname="com.foodordering.paymentservice.controller.PaymentControllerIntegrationTest" time="0.01">
    <system-out><![CDATA[2026-03-28T13:09:14.430+05:30 DEBUG 44424 --- [payment-service] [           main] s.w.s.m.m.a.RequestMappingHandlerMapping : Mapped to com.foodordering.paymentservice.controller.PaymentController#createPayment(PaymentRequest)
2026-03-28T13:09:14.431+05:30 DEBUG 44424 --- [payment-service] [           main] m.m.a.RequestResponseBodyMethodProcessor : Read "application/json;charset=UTF-8" to [com.foodordering.paymentservice.dto.PaymentRequest@4b09d1c3]
2026-03-28T13:09:14.432+05:30 DEBUG 44424 --- [payment-service] [           main] .m.m.a.ExceptionHandlerExceptionResolver : Using @ExceptionHandler com.foodordering.paymentservice.exception.GlobalExceptionHandler#handleIllegalArgumentException(IllegalArgumentException, HttpServletRequest)
2026-03-28T13:09:14.432+05:30 DEBUG 44424 --- [payment-service] [           main] o.s.w.s.m.m.a.HttpEntityMethodProcessor  : Using 'application/json', given [*/*] and supported [application/json, application/*+json, application/yaml]
2026-03-28T13:09:14.433+05:30 DEBUG 44424 --- [payment-service] [           main] o.s.w.s.m.m.a.HttpEntityMethodProcessor  : Writing [ApiErrorResponse[timestamp=2026-03-28T13:09:14.432765, status=400, error=Bad Request, message=CARD p (truncated)...]
2026-03-28T13:09:14.433+05:30 DEBUG 44424 --- [payment-service] [           main] .m.m.a.ExceptionHandlerExceptionResolver : Resolved [java.lang.IllegalArgumentException: CARD payments must use PAID status]
]]></system-out>
  </testcase>
  <testcase name="createPaymentReturnsNotFoundForMissingOrder" classname="com.foodordering.paymentservice.controller.PaymentControllerIntegrationTest" time="0.009">
    <system-out><![CDATA[2026-03-28T13:09:14.440+05:30 DEBUG 44424 --- [payment-service] [           main] s.w.s.m.m.a.RequestMappingHandlerMapping : Mapped to com.foodordering.paymentservice.controller.PaymentController#createPayment(PaymentRequest)
2026-03-28T13:09:14.441+05:30 DEBUG 44424 --- [payment-service] [           main] m.m.a.RequestResponseBodyMethodProcessor : Read "application/json;charset=UTF-8" to [com.foodordering.paymentservice.dto.PaymentRequest@32b95de]
2026-03-28T13:09:14.442+05:30 DEBUG 44424 --- [payment-service] [           main] .m.m.a.ExceptionHandlerExceptionResolver : Using @ExceptionHandler com.foodordering.paymentservice.exception.GlobalExceptionHandler#handleResourceNotFound(ResourceNotFoundException, HttpServletRequest)
2026-03-28T13:09:14.442+05:30 DEBUG 44424 --- [payment-service] [           main] o.s.w.s.m.m.a.HttpEntityMethodProcessor  : Using 'application/json', given [*/*] and supported [application/json, application/*+json, application/yaml]
2026-03-28T13:09:14.443+05:30 DEBUG 44424 --- [payment-service] [           main] o.s.w.s.m.m.a.HttpEntityMethodProcessor  : Writing [ApiErrorResponse[timestamp=2026-03-28T13:09:14.442764, status=404, error=Not Found, message=Order no (truncated)...]
2026-03-28T13:09:14.443+05:30 DEBUG 44424 --- [payment-service] [           main] .m.m.a.ExceptionHandlerExceptionResolver : Resolved [com.foodordering.paymentservice.exception.ResourceNotFoundException: Order not found with id 999]
]]></system-out>
  </testcase>
  <testcase name="deletePaymentReturnsNoContent" classname="com.foodordering.paymentservice.controller.PaymentControllerIntegrationTest" time="0.008">
    <system-out><![CDATA[2026-03-28T13:09:14.448+05:30 DEBUG 44424 --- [payment-service] [           main] s.w.s.m.m.a.RequestMappingHandlerMapping : Mapped to com.foodordering.paymentservice.controller.PaymentController#deletePayment(Long)
2026-03-28T13:09:14.449+05:30 DEBUG 44424 --- [payment-service] [           main] o.s.w.s.m.m.a.HttpEntityMethodProcessor  : Using 'application/json', given [*/*] and supported [application/json, application/*+json, application/yaml]
2026-03-28T13:09:14.450+05:30 DEBUG 44424 --- [payment-service] [           main] o.s.w.s.m.m.a.HttpEntityMethodProcessor  : Nothing to write: null body
]]></system-out>
  </testcase>
  <testcase name="updatePaymentStatusReturnsBadRequestForCardPaymentWithOnDeliveryStatus" classname="com.foodordering.paymentservice.controller.PaymentControllerIntegrationTest" time="0.007">
    <system-out><![CDATA[2026-03-28T13:09:14.457+05:30 DEBUG 44424 --- [payment-service] [           main] s.w.s.m.m.a.RequestMappingHandlerMapping : Mapped to com.foodordering.paymentservice.controller.PaymentController#updatePaymentStatus(Long, PaymentStatusUpdateRequest)
2026-03-28T13:09:14.458+05:30 DEBUG 44424 --- [payment-service] [           main] m.m.a.RequestResponseBodyMethodProcessor : Read "application/json;charset=UTF-8" to [com.foodordering.paymentservice.dto.PaymentStatusUpdateRequest@7d8f2eec]
2026-03-28T13:09:14.459+05:30 DEBUG 44424 --- [payment-service] [           main] .m.m.a.ExceptionHandlerExceptionResolver : Using @ExceptionHandler com.foodordering.paymentservice.exception.GlobalExceptionHandler#handleIllegalArgumentException(IllegalArgumentException, HttpServletRequest)
2026-03-28T13:09:14.459+05:30 DEBUG 44424 --- [payment-service] [           main] o.s.w.s.m.m.a.HttpEntityMethodProcessor  : Using 'application/json', given [*/*] and supported [application/json, application/*+json, application/yaml]
2026-03-28T13:09:14.459+05:30 DEBUG 44424 --- [payment-service] [           main] o.s.w.s.m.m.a.HttpEntityMethodProcessor  : Writing [ApiErrorResponse[timestamp=2026-03-28T13:09:14.459503, status=400, error=Bad Request, message=CARD p (truncated)...]
2026-03-28T13:09:14.460+05:30 DEBUG 44424 --- [payment-service] [           main] .m.m.a.ExceptionHandlerExceptionResolver : Resolved [java.lang.IllegalArgumentException: CARD payments must use PAID status]
]]></system-out>
  </testcase>
  <testcase name="updatePaymentStatusReturnsValidationErrorForBlankStatus" classname="com.foodordering.paymentservice.controller.PaymentControllerIntegrationTest" time="0.005">
    <system-out><![CDATA[2026-03-28T13:09:14.465+05:30 DEBUG 44424 --- [payment-service] [           main] s.w.s.m.m.a.RequestMappingHandlerMapping : Mapped to com.foodordering.paymentservice.controller.PaymentController#updatePaymentStatus(Long, PaymentStatusUpdateRequest)
2026-03-28T13:09:14.465+05:30 DEBUG 44424 --- [payment-service] [           main] m.m.a.RequestResponseBodyMethodProcessor : Read "application/json;charset=UTF-8" to [com.foodordering.paymentservice.dto.PaymentStatusUpdateRequest@1884e671]
2026-03-28T13:09:14.466+05:30 DEBUG 44424 --- [payment-service] [           main] .m.m.a.ExceptionHandlerExceptionResolver : Using @ExceptionHandler com.foodordering.paymentservice.exception.GlobalExceptionHandler#handleValidationException(MethodArgumentNotValidException, HttpServletRequest)
2026-03-28T13:09:14.466+05:30 DEBUG 44424 --- [payment-service] [           main] o.s.w.s.m.m.a.HttpEntityMethodProcessor  : Using 'application/json', given [*/*] and supported [application/json, application/*+json, application/yaml]
2026-03-28T13:09:14.466+05:30 DEBUG 44424 --- [payment-service] [           main] o.s.w.s.m.m.a.HttpEntityMethodProcessor  : Writing [ApiErrorResponse[timestamp=2026-03-28T13:09:14.466429, status=400, error=Bad Request, message=Valida (truncated)...]
2026-03-28T13:09:14.467+05:30 DEBUG 44424 --- [payment-service] [           main] .m.m.a.ExceptionHandlerExceptionResolver : Resolved [org.springframework.web.bind.MethodArgumentNotValidException: Validation failed for argument [1] in public org.springframework.http.ResponseEntity<com.foodordering.paymentservice.dto.PaymentResponse> com.foodordering.paymentservice.controller.PaymentController.updatePaymentStatus(java.lang.Long,com.foodordering.paymentservice.dto.PaymentStatusUpdateRequest) with 2 errors: [Field error in object 'paymentStatusUpdateRequest' on field 'paymentStatus': rejected value []; codes [Pattern.paymentStatusUpdateRequest.paymentStatus,Pattern.paymentStatus,Pattern.java.lang.String,Pattern]; arguments [org.springframework.context.support.DefaultMessageSourceResolvable: codes [paymentStatusUpdateRequest.paymentStatus,paymentStatus]; arguments []; default message [paymentStatus],[Ljakarta.validation.constraints.Pattern$Flag;@286a4c52,(?i)^(PAID|ON[ _]DELIVERY)$]; default message [Payment status must be one of: PAID, ON_DELIVERY]] [Field error in object 'paymentStatusUpdateRequest' on field 'paymentStatus': rejected value []; codes [NotBlank.paymentStatusUpdateRequest.paymentStatus,NotBlank.paymentStatus,NotBlank.java.lang.String,NotBlank]; arguments [org.springframework.context.support.DefaultMessageSourceResolvable: codes [paymentStatusUpdateRequest.paymentStatus,paymentStatus]; arguments []; default message [paymentStatus]]; default message [Payment status is required]] ]
]]></system-out>
  </testcase>
</testsuite>